#
# There is insufficient memory for the Java Runtime Environment to continue.
# Native memory allocation (malloc) failed to allocate 1592336 bytes. Error detail: Chunk::new
# Possible reasons:
#   The system is out of physical RAM or swap space
#   This process is running with CompressedOops enabled, and the Java Heap may be blocking the growth of the native heap
# Possible solutions:
#   Reduce memory load on the system
#   Increase physical memory or swap space
#   Check if swap backing store is full
#   Decrease Java heap size (-Xmx/-Xms)
#   Decrease number of Java threads
#   Decrease Java thread stack sizes (-Xss)
#   Set larger code cache with -XX:ReservedCodeCacheSize=
#   JVM is running with Unscaled Compressed Oops mode in which the Java heap is
#     placed in the first 4GB address space. The Java Heap base address is the
#     maximum limit for the native heap growth. Please use -XX:HeapBaseMinAddress
#     to set the Java Heap base and to place the Java Heap above 4GB virtual address.
# This output file may be truncated or incomplete.
#
#  Out of Memory Error (arena.cpp:191), pid=15628, tid=13092
#
# JRE version: OpenJDK Runtime Environment Temurin-17.0.11+9 (17.0.11+9) (build 17.0.11+9)
# Java VM: OpenJDK 64-Bit Server VM Temurin-17.0.11+9 (17.0.11+9, mixed mode, tiered, compressed oops, compressed class ptrs, parallel gc, windows-amd64)
# No core dump will be written. Minidumps are not enabled by default on client versions of Windows
#

---------------  S U M M A R Y ------------

Command Line: --add-modules=ALL-SYSTEM --add-opens=java.base/java.util=ALL-UNNAMED --add-opens=java.base/java.lang=ALL-UNNAMED --add-opens=java.base/sun.nio.fs=ALL-UNNAMED -Declipse.application=org.eclipse.jdt.ls.core.id1 -Dosgi.bundles.defaultStartLevel=4 -Declipse.product=org.eclipse.jdt.ls.core.product -Djava.import.generatesMetadataFilesAtProjectRoot=false -DDetectVMInstallationsJob.disabled=true -Dfile.encoding=utf8 -XX:+UseParallelGC -XX:GCTimeRatio=4 -XX:AdaptiveSizePolicyWeight=90 -Dsun.zip.disableMemoryMapping=true -Xmx1G -Xms100m -Xlog:disable -javaagent:c:\Users\jayas\.vscode\extensions\redhat.java-1.32.0-win32-x64\lombok\lombok-1.18.33.jar -XX:+HeapDumpOnOutOfMemoryError -XX:HeapDumpPath=c:\Users\jayas\AppData\Roaming\Code\User\workspaceStorage\bfc5d6c63e2f47153edd8ca4067a5165\redhat.java -Daether.dependencyCollector.impl=bf c:\Users\jayas\.vscode\extensions\redhat.java-1.32.0-win32-x64\server\plugins\org.eclipse.equinox.launcher_1.6.900.v20240613-2009.jar -configuration c:\Users\jayas\AppData\Roaming\Code\User\globalStorage\redhat.java\1.32.0\config_win -data c:\Users\jayas\AppData\Roaming\Code\User\workspaceStorage\bfc5d6c63e2f47153edd8ca4067a5165\redhat.java\jdt_ws --pipe=\\.\pipe\lsp-7d99d4dad2d258ac8bf929d635058790-sock

Host: AMD Ryzen 5 3450U with Radeon Vega Mobile Gfx  , 8 cores, 5G,  Windows 11 , 64 bit Build 22621 (10.0.22621.3672)
Time: Wed Jul 17 09:53:42 2024 Nepal Standard Time elapsed time: 83.529590 seconds (0d 0h 1m 23s)

---------------  T H R E A D  ---------------

Current thread (0x00000190154a7790):  JavaThread "C2 CompilerThread0" daemon [_thread_in_native, id=13092, stack(0x000000129a400000,0x000000129a500000)]


Current CompileTask:
C2:  83529 10565       4       org.eclipse.jdt.internal.compiler.parser.Parser::consumeRule (7943 bytes)

Stack: [0x000000129a400000,0x000000129a500000]
Native frames: (J=compiled Java code, j=interpreted, Vv=VM code, C=native code)
V  [jvm.dll+0x67d429]
V  [jvm.dll+0x834b7a]
V  [jvm.dll+0x83663e]
V  [jvm.dll+0x836ca3]
V  [jvm.dll+0x247dbf]
V  [jvm.dll+0xac534]
V  [jvm.dll+0xacb7c]
V  [jvm.dll+0x3665f2]
V  [jvm.dll+0x330bba]
V  [jvm.dll+0x33005a]
V  [jvm.dll+0x21a471]
V  [jvm.dll+0x2198b1]
V  [jvm.dll+0x1a534d]
V  [jvm.dll+0x2295cd]
V  [jvm.dll+0x22779c]
V  [jvm.dll+0x7e9d07]
V  [jvm.dll+0x7e410a]
V  [jvm.dll+0x67c315]
C  [ucrtbase.dll+0x29333]
C  [KERNEL32.DLL+0x1257d]
C  [ntdll.dll+0x5af28]


---------------  P R O C E S S  ---------------

Threads class SMR info:
_java_thread_list=0x00000190230b0450, length=50, elements={
0x000001907c520ab0, 0x000001907f3a0020, 0x000001907f3a1dc0, 0x000001907f3ad1f0,
0x000001907f3ade80, 0x00000190154a5000, 0x00000190154a68e0, 0x00000190154a7790,
0x0000019015500b30, 0x000001901550b050, 0x000001907c5813f0, 0x00000190157f7410,
0x0000019016fe77e0, 0x000001901682ae40, 0x000001901682b320, 0x00000190173897f0,
0x0000019017627cc0, 0x00000190174d0a40, 0x00000190174d1e80, 0x00000190174cf0f0,
0x00000190174d2390, 0x00000190174d0530, 0x00000190174d1970, 0x00000190174cf600,
0x00000190174cfb10, 0x00000190174d0020, 0x00000190198d6b60, 0x00000190198d7a90,
0x00000190198d7fa0, 0x00000190198d84b0, 0x00000190198d6650, 0x00000190198d6140,
0x00000190198d7070, 0x00000190198d7580, 0x00000190198d5c30, 0x00000190198d2480,
0x00000190198d89c0, 0x00000190198d5720, 0x00000190198d93e0, 0x00000190198d38c0,
0x00000190198d1f70, 0x00000190198d98f0, 0x00000190198d8ed0, 0x00000190198d2990,
0x00000190198d2ea0, 0x00000190198d33b0, 0x00000190198d3dd0, 0x00000190198d42e0,
0x00000190198d47f0, 0x0000019019b3a170
}

Java Threads: ( => current thread )
  0x000001907c520ab0 JavaThread "main" [_thread_blocked, id=17312, stack(0x0000001299b00000,0x0000001299c00000)]
  0x000001907f3a0020 JavaThread "Reference Handler" daemon [_thread_blocked, id=24476, stack(0x0000001299e00000,0x0000001299f00000)]
  0x000001907f3a1dc0 JavaThread "Finalizer" daemon [_thread_blocked, id=25192, stack(0x0000001299f00000,0x000000129a000000)]
  0x000001907f3ad1f0 JavaThread "Signal Dispatcher" daemon [_thread_blocked, id=23100, stack(0x000000129a000000,0x000000129a100000)]
  0x000001907f3ade80 JavaThread "Attach Listener" daemon [_thread_blocked, id=2676, stack(0x000000129a100000,0x000000129a200000)]
  0x00000190154a5000 JavaThread "Service Thread" daemon [_thread_blocked, id=22036, stack(0x000000129a200000,0x000000129a300000)]
  0x00000190154a68e0 JavaThread "Monitor Deflation Thread" daemon [_thread_blocked, id=15020, stack(0x000000129a300000,0x000000129a400000)]
=>0x00000190154a7790 JavaThread "C2 CompilerThread0" daemon [_thread_in_native, id=13092, stack(0x000000129a400000,0x000000129a500000)]
  0x0000019015500b30 JavaThread "C1 CompilerThread0" daemon [_thread_blocked, id=21460, stack(0x000000129a500000,0x000000129a600000)]
  0x000001901550b050 JavaThread "Sweeper thread" daemon [_thread_blocked, id=9824, stack(0x000000129a600000,0x000000129a700000)]
  0x000001907c5813f0 JavaThread "Common-Cleaner" daemon [_thread_blocked, id=20552, stack(0x000000129a700000,0x000000129a800000)]
  0x00000190157f7410 JavaThread "Notification Thread" daemon [_thread_blocked, id=22944, stack(0x000000129a800000,0x000000129a900000)]
  0x0000019016fe77e0 JavaThread "Active Thread: Equinox Container: 0ab7f420-db7e-42c6-9a39-b272adabec5c" [_thread_blocked, id=16276, stack(0x000000129b000000,0x000000129b100000)]
  0x000001901682ae40 JavaThread "Framework Event Dispatcher: Equinox Container: 0ab7f420-db7e-42c6-9a39-b272adabec5c" daemon [_thread_blocked, id=16148, stack(0x000000129b100000,0x000000129b200000)]
  0x000001901682b320 JavaThread "Start Level: Equinox Container: 0ab7f420-db7e-42c6-9a39-b272adabec5c" daemon [_thread_blocked, id=11944, stack(0x000000129b200000,0x000000129b300000)]
  0x00000190173897f0 JavaThread "Bundle File Closer" daemon [_thread_blocked, id=2512, stack(0x000000129b400000,0x000000129b500000)]
  0x0000019017627cc0 JavaThread "SCR Component Actor" daemon [_thread_blocked, id=18404, stack(0x000000129b500000,0x000000129b600000)]
  0x00000190174d0a40 JavaThread "Worker-JM" [_thread_blocked, id=6876, stack(0x000000129b700000,0x000000129b800000)]
  0x00000190174d1e80 JavaThread "Worker-0" [_thread_blocked, id=6620, stack(0x000000129b800000,0x000000129b900000)]
  0x00000190174cf0f0 JavaThread "Worker-1" [_thread_blocked, id=6008, stack(0x000000129b900000,0x000000129ba00000)]
  0x00000190174d2390 JavaThread "Worker-2: Publish Diagnostics" [_thread_in_vm, id=19124, stack(0x000000129ba00000,0x000000129bb00000)]
  0x00000190174d0530 JavaThread "Java indexing" daemon [_thread_in_Java, id=2460, stack(0x000000129bb00000,0x000000129bc00000)]
  0x00000190174d1970 JavaThread "Worker-3" [_thread_blocked, id=8464, stack(0x000000129bc00000,0x000000129bd00000)]
  0x00000190174cf600 JavaThread "JNA Cleaner" daemon [_thread_blocked, id=7164, stack(0x000000129b600000,0x000000129b700000)]
  0x00000190174cfb10 JavaThread "Thread-2" daemon [_thread_in_native, id=14244, stack(0x000000129bd00000,0x000000129be00000)]
  0x00000190174d0020 JavaThread "Thread-3" daemon [_thread_in_native, id=14376, stack(0x000000129be00000,0x000000129bf00000)]
  0x00000190198d6b60 JavaThread "Thread-4" daemon [_thread_in_native, id=23540, stack(0x000000129bf00000,0x000000129c000000)]
  0x00000190198d7a90 JavaThread "Thread-5" daemon [_thread_in_native, id=25108, stack(0x000000129c000000,0x000000129c100000)]
  0x00000190198d7fa0 JavaThread "Thread-6" daemon [_thread_in_native, id=17572, stack(0x000000129c100000,0x000000129c200000)]
  0x00000190198d84b0 JavaThread "Thread-7" daemon [_thread_in_native, id=9844, stack(0x000000129c200000,0x000000129c300000)]
  0x00000190198d6650 JavaThread "Thread-8" daemon [_thread_in_native, id=3936, stack(0x000000129c300000,0x000000129c400000)]
  0x00000190198d6140 JavaThread "Thread-9" daemon [_thread_in_native, id=18380, stack(0x000000129c400000,0x000000129c500000)]
  0x00000190198d7070 JavaThread "Thread-10" daemon [_thread_in_native, id=24700, stack(0x000000129c500000,0x000000129c600000)]
  0x00000190198d7580 JavaThread "pool-2-thread-1" [_thread_blocked, id=15472, stack(0x000000129c600000,0x000000129c700000)]
  0x00000190198d5c30 JavaThread "WorkspaceEventsHandler" [_thread_blocked, id=22300, stack(0x000000129c700000,0x000000129c800000)]
  0x00000190198d2480 JavaThread "pool-1-thread-1" [_thread_in_Java, id=14636, stack(0x000000129c800000,0x000000129c900000)]
  0x00000190198d89c0 JavaThread "Worker-4" [_thread_blocked, id=6108, stack(0x000000129c900000,0x000000129ca00000)]
  0x00000190198d5720 JavaThread "ForkJoinPool.commonPool-worker-1" daemon [_thread_blocked, id=3264, stack(0x000000129ca00000,0x000000129cb00000)]
  0x00000190198d93e0 JavaThread "ForkJoinPool.commonPool-worker-2" daemon [_thread_blocked, id=24284, stack(0x000000129cc00000,0x000000129cd00000)]
  0x00000190198d38c0 JavaThread "ForkJoinPool.commonPool-worker-3" daemon [_thread_blocked, id=15716, stack(0x000000129cd00000,0x000000129ce00000)]
  0x00000190198d1f70 JavaThread "ForkJoinPool.commonPool-worker-4" daemon [_thread_blocked, id=21216, stack(0x000000129ce00000,0x000000129cf00000)]
  0x00000190198d98f0 JavaThread "ForkJoinPool.commonPool-worker-5" daemon [_thread_blocked, id=12908, stack(0x000000129cf00000,0x000000129d000000)]
  0x00000190198d8ed0 JavaThread "ForkJoinPool.commonPool-worker-6" daemon [_thread_blocked, id=13772, stack(0x000000129cb00000,0x000000129cc00000)]
  0x00000190198d2990 JavaThread "ForkJoinPool.commonPool-worker-7" daemon [_thread_blocked, id=14516, stack(0x000000129d000000,0x000000129d100000)]
  0x00000190198d2ea0 JavaThread "Cleaner-0" daemon [_thread_blocked, id=22676, stack(0x000000129d200000,0x000000129d300000)]
  0x00000190198d33b0 JavaThread "Java Debug Server" daemon [_thread_in_native, id=3432, stack(0x000000129d300000,0x000000129d400000)]
  0x00000190198d3dd0 JavaThread "pool-3-thread-1" [_thread_blocked, id=3832, stack(0x000000129d400000,0x000000129d500000)]
  0x00000190198d42e0 JavaThread "RxSchedulerPurge-1" daemon [_thread_blocked, id=20800, stack(0x000000129d100000,0x000000129d200000)]
  0x00000190198d47f0 JavaThread "RxCachedWorkerPoolEvictor-1" daemon [_thread_blocked, id=2664, stack(0x000000129d500000,0x000000129d600000)]
  0x0000019019b3a170 JavaThread "process reaper" daemon [_thread_blocked, id=20252, stack(0x00000012995e0000,0x0000001299600000)]

Other Threads:
  0x000001907c5ceac0 VMThread "VM Thread" [stack: 0x0000001299d00000,0x0000001299e00000] [id=736]
  0x00000190157f78f0 WatcherThread [stack: 0x000000129a900000,0x000000129aa00000] [id=23196]
  0x000001907c535c70 GCTaskThread "GC Thread#0" [stack: 0x0000001299c00000,0x0000001299d00000] [id=14104]
  0x0000019016b57da0 GCTaskThread "GC Thread#1" [stack: 0x000000129aa00000,0x000000129ab00000] [id=21696]
  0x0000019016d998e0 GCTaskThread "GC Thread#2" [stack: 0x000000129ab00000,0x000000129ac00000] [id=24060]
  0x0000019016b09f30 GCTaskThread "GC Thread#3" [stack: 0x000000129ac00000,0x000000129ad00000] [id=1528]
  0x0000019016b0a5f0 GCTaskThread "GC Thread#4" [stack: 0x000000129ad00000,0x000000129ae00000] [id=20580]
  0x0000019016b0a8b0 GCTaskThread "GC Thread#5" [stack: 0x000000129ae00000,0x000000129af00000] [id=25564]
  0x0000019016b0ab70 GCTaskThread "GC Thread#6" [stack: 0x000000129af00000,0x000000129b000000] [id=3984]
  0x0000019016fa82c0 GCTaskThread "GC Thread#7" [stack: 0x000000129b300000,0x000000129b400000] [id=10384]

Threads with active compile tasks:
C2 CompilerThread0    83581 10565       4       org.eclipse.jdt.internal.compiler.parser.Parser::consumeRule (7943 bytes)

VM state: not at safepoint (normal execution)

VM Mutex/Monitor currently owned by a thread: None

Heap address: 0x00000000c0000000, size: 1024 MB, Compressed Oops mode: 32-bit

CDS archive(s) not mapped
Compressed class space mapped at: 0x0000000100000000-0x0000000140000000, reserved size: 1073741824
Narrow klass base: 0x0000000000000000, Narrow klass shift: 3, Narrow klass range: 0x140000000

GC Precious Log:
 CPUs: 8 total, 8 available
 Memory: 6030M
 Large Page Support: Disabled
 NUMA Support: Disabled
 Compressed Oops: Enabled (32-bit)
 Alignments: Space 512K, Generation 512K, Heap 2M
 Heap Min Capacity: 100M
 Heap Initial Capacity: 100M
 Heap Max Capacity: 1G
 Pre-touch: Disabled
 Parallel Workers: 8

Heap:
 PSYoungGen      total 13312K, used 11899K [0x00000000eab00000, 0x00000000ebe00000, 0x0000000100000000)
  eden space 10240K, 89% used [0x00000000eab00000,0x00000000eb3ed920,0x00000000eb500000)
  from space 3072K, 89% used [0x00000000eb500000,0x00000000eb7b1320,0x00000000eb800000)
  to   space 4608K, 0% used [0x00000000eb980000,0x00000000eb980000,0x00000000ebe00000)
 ParOldGen       total 282112K, used 238820K [0x00000000c0000000, 0x00000000d1380000, 0x00000000eab00000)
  object space 282112K, 84% used [0x00000000c0000000,0x00000000ce9391e8,0x00000000d1380000)
 Metaspace       used 75951K, committed 77184K, reserved 1179648K
  class space    used 8130K, committed 8704K, reserved 1048576K

Card table byte_map: [0x000001907beb0000,0x000001907c0c0000] _byte_map_base: 0x000001907b8b0000

Marking Bits: (ParMarkBitMap*) 0x00007ffc65ecd820
 Begin Bits: [0x000001900f000000, 0x0000019010000000)
 End Bits:   [0x0000019010000000, 0x0000019011000000)

Polling page: 0x000001907a4b0000

Metaspace:

Usage:
  Non-class:     66.23 MB used.
      Class:      7.94 MB used.
       Both:     74.17 MB used.

Virtual space:
  Non-class space:      128.00 MB reserved,      66.88 MB ( 52%) committed,  2 nodes.
      Class space:        1.00 GB reserved,       8.50 MB ( <1%) committed,  1 nodes.
             Both:        1.12 GB reserved,      75.38 MB (  7%) committed. 

Chunk freelists:
   Non-Class:  12.78 MB
       Class:  7.54 MB
        Both:  20.32 MB

MaxMetaspaceSize: unlimited
CompressedClassSpaceSize: 1.00 GB
Initial GC threshold: 21.00 MB
Current GC threshold: 123.69 MB
CDS: off
MetaspaceReclaimPolicy: balanced
 - commit_granule_bytes: 65536.
 - commit_granule_words: 8192.
 - virtual_space_node_default_size: 8388608.
 - enlarge_chunks_in_place: 1.
 - new_chunks_are_fully_committed: 0.
 - uncommit_free_chunks: 1.
 - use_allocation_guard: 0.
 - handle_deallocations: 1.


Internal statistics:

num_allocs_failed_limit: 6.
num_arena_births: 818.
num_arena_deaths: 18.
num_vsnodes_births: 3.
num_vsnodes_deaths: 0.
num_space_committed: 1206.
num_space_uncommitted: 0.
num_chunks_returned_to_freelist: 24.
num_chunks_taken_from_freelist: 3840.
num_chunk_merges: 5.
num_chunk_splits: 2433.
num_chunks_enlarged: 1556.
num_inconsistent_stats: 0.

CodeHeap 'non-profiled nmethods': size=120000Kb used=5757Kb max_used=5951Kb free=114242Kb
 bounds [0x0000019007ad0000, 0x00000190080c0000, 0x000001900f000000]
CodeHeap 'profiled nmethods': size=120000Kb used=18384Kb max_used=18384Kb free=101616Kb
 bounds [0x0000019000000000, 0x0000019001200000, 0x0000019007530000]
CodeHeap 'non-nmethods': size=5760Kb used=1396Kb max_used=1467Kb free=4363Kb
 bounds [0x0000019007530000, 0x00000190077a0000, 0x0000019007ad0000]
 total_blobs=9176 nmethods=8422 adapters=666
 compilation: enabled
              stopped_count=0, restarted_count=0
 full_count=0

Compilation events (20 events):
Event: 83.447 Thread 0x0000019015500b30 nmethod 10601 0x00000190011dba90 code [0x00000190011dbd60, 0x00000190011dd008]
Event: 83.447 Thread 0x0000019015500b30 10602       3       org.eclipse.jdt.internal.compiler.classfmt.ClassFileReader::getSourceName (91 bytes)
Event: 83.450 Thread 0x0000019015500b30 nmethod 10602 0x00000190011dd690 code [0x00000190011dd8c0, 0x00000190011ddfb8]
Event: 83.450 Thread 0x0000019015500b30 10607       3       org.eclipse.jdt.internal.compiler.lookup.LookupEnvironment::createBinaryTypeFrom (106 bytes)
Event: 83.451 Thread 0x0000019015500b30 nmethod 10607 0x00000190011de210 code [0x00000190011de460, 0x00000190011def28]
Event: 83.451 Thread 0x0000019015500b30 10608       1       org.eclipse.core.internal.resources.Rules::buildRule (5 bytes)
Event: 83.452 Thread 0x0000019015500b30 nmethod 10608 0x0000019007fc2110 code [0x0000019007fc22a0, 0x0000019007fc2378]
Event: 83.462 Thread 0x0000019015500b30 10612       3       org.eclipse.jdt.internal.core.NameLookup$Answer::isBetter (43 bytes)
Event: 83.463 Thread 0x0000019015500b30 nmethod 10612 0x00000190011df310 code [0x00000190011df4e0, 0x00000190011df7d8]
Event: 83.478 Thread 0x0000019015500b30 10613       3       org.eclipse.jdt.internal.compiler.ast.Expression::setExpectedType (1 bytes)
Event: 83.478 Thread 0x0000019015500b30 nmethod 10613 0x00000190011df910 code [0x00000190011dfaa0, 0x00000190011dfbb8]
Event: 83.482 Thread 0x0000019015500b30 10614       3       lombok.eclipse.agent.PatchVal::couldBe (306 bytes)
Event: 83.484 Thread 0x0000019015500b30 nmethod 10614 0x00000190011dfc90 code [0x00000190011dffc0, 0x00000190011e1748]
Event: 83.485 Thread 0x0000019015500b30 10615       1       org.eclipse.jdt.internal.compiler.impl.StringConstant::typeID (3 bytes)
Event: 83.485 Thread 0x0000019015500b30 nmethod 10615 0x0000019007fc1e10 code [0x0000019007fc1fa0, 0x0000019007fc2078]
Event: 83.491 Thread 0x0000019015500b30 10616       3       org.eclipse.jdt.internal.compiler.lookup.LocalVariableBinding::isParameter (17 bytes)
Event: 83.491 Thread 0x0000019015500b30 nmethod 10616 0x00000190011e2110 code [0x00000190011e22a0, 0x00000190011e2438]
Event: 83.491 Thread 0x0000019015500b30 10617       1       org.eclipse.jdt.core.dom.Block::statements (5 bytes)
Event: 83.492 Thread 0x0000019015500b30 nmethod 10617 0x0000019007fc1b10 code [0x0000019007fc1ca0, 0x0000019007fc1d78]
Event: 83.492 Thread 0x0000019015500b30 10618       3       org.eclipse.jdt.core.dom.ASTConverter::convert (91 bytes)

GC Heap History (20 events):
Event: 69.876 GC heap before
{Heap before GC invocations=366 (full 14):
 PSYoungGen      total 12288K, used 11940K [0x00000000eab00000, 0x00000000ebe80000, 0x0000000100000000)
  eden space 8704K, 98% used [0x00000000eab00000,0x00000000eb357090,0x00000000eb380000)
  from space 3584K, 94% used [0x00000000eb580000,0x00000000eb8d2060,0x00000000eb900000)
  to   space 4096K, 0% used [0x00000000eba80000,0x00000000eba80000,0x00000000ebe80000)
 ParOldGen       total 401408K, used 388304K [0x00000000c0000000, 0x00000000d8800000, 0x00000000eab00000)
  object space 401408K, 96% used [0x00000000c0000000,0x00000000d7b34300,0x00000000d8800000)
 Metaspace       used 74748K, committed 75968K, reserved 1179648K
  class space    used 8093K, committed 8640K, reserved 1048576K
}
Event: 69.885 GC heap after
{Heap after GC invocations=366 (full 14):
 PSYoungGen      total 13312K, used 4072K [0x00000000eab00000, 0x00000000ec180000, 0x0000000100000000)
  eden space 9216K, 0% used [0x00000000eab00000,0x00000000eab00000,0x00000000eb400000)
  from space 4096K, 99% used [0x00000000eba80000,0x00000000ebe7a060,0x00000000ebe80000)
  to   space 6656K, 0% used [0x00000000eb400000,0x00000000eb400000,0x00000000eba80000)
 ParOldGen       total 401408K, used 390296K [0x00000000c0000000, 0x00000000d8800000, 0x00000000eab00000)
  object space 401408K, 97% used [0x00000000c0000000,0x00000000d7d26300,0x00000000d8800000)
 Metaspace       used 74748K, committed 75968K, reserved 1179648K
  class space    used 8093K, committed 8640K, reserved 1048576K
}
Event: 70.012 GC heap before
{Heap before GC invocations=367 (full 14):
 PSYoungGen      total 13312K, used 13288K [0x00000000eab00000, 0x00000000ec180000, 0x0000000100000000)
  eden space 9216K, 100% used [0x00000000eab00000,0x00000000eb400000,0x00000000eb400000)
  from space 4096K, 99% used [0x00000000eba80000,0x00000000ebe7a060,0x00000000ebe80000)
  to   space 6656K, 0% used [0x00000000eb400000,0x00000000eb400000,0x00000000eba80000)
 ParOldGen       total 401408K, used 390296K [0x00000000c0000000, 0x00000000d8800000, 0x00000000eab00000)
  object space 401408K, 97% used [0x00000000c0000000,0x00000000d7d26300,0x00000000d8800000)
 Metaspace       used 74773K, committed 75968K, reserved 1179648K
  class space    used 8093K, committed 8640K, reserved 1048576K
}
Event: 70.026 GC heap after
{Heap after GC invocations=367 (full 14):
 PSYoungGen      total 15872K, used 6644K [0x00000000eab00000, 0x00000000ed100000, 0x0000000100000000)
  eden space 9216K, 0% used [0x00000000eab00000,0x00000000eab00000,0x00000000eb400000)
  from space 6656K, 99% used [0x00000000eb400000,0x00000000eba7d398,0x00000000eba80000)
  to   space 14336K, 0% used [0x00000000ec300000,0x00000000ec300000,0x00000000ed100000)
 ParOldGen       total 401408K, used 396537K [0x00000000c0000000, 0x00000000d8800000, 0x00000000eab00000)
  object space 401408K, 98% used [0x00000000c0000000,0x00000000d833e480,0x00000000d8800000)
 Metaspace       used 74773K, committed 75968K, reserved 1179648K
  class space    used 8093K, committed 8640K, reserved 1048576K
}
Event: 70.027 GC heap before
{Heap before GC invocations=368 (full 15):
 PSYoungGen      total 15872K, used 6644K [0x00000000eab00000, 0x00000000ed100000, 0x0000000100000000)
  eden space 9216K, 0% used [0x00000000eab00000,0x00000000eab00000,0x00000000eb400000)
  from space 6656K, 99% used [0x00000000eb400000,0x00000000eba7d398,0x00000000eba80000)
  to   space 14336K, 0% used [0x00000000ec300000,0x00000000ec300000,0x00000000ed100000)
 ParOldGen       total 401408K, used 396537K [0x00000000c0000000, 0x00000000d8800000, 0x00000000eab00000)
  object space 401408K, 98% used [0x00000000c0000000,0x00000000d833e480,0x00000000d8800000)
 Metaspace       used 74773K, committed 75968K, reserved 1179648K
  class space    used 8093K, committed 8640K, reserved 1048576K
}
Event: 70.296 GC heap after
{Heap after GC invocations=368 (full 15):
 PSYoungGen      total 24576K, used 0K [0x00000000eab00000, 0x00000000ed100000, 0x0000000100000000)
  eden space 10240K, 0% used [0x00000000eab00000,0x00000000eab00000,0x00000000eb500000)
  from space 14336K, 0% used [0x00000000ec300000,0x00000000ec300000,0x00000000ed100000)
  to   space 14336K, 0% used [0x00000000eb500000,0x00000000eb500000,0x00000000ec300000)
 ParOldGen       total 282112K, used 227053K [0x00000000c0000000, 0x00000000d1380000, 0x00000000eab00000)
  object space 282112K, 80% used [0x00000000c0000000,0x00000000cddbb6d8,0x00000000d1380000)
 Metaspace       used 74773K, committed 75968K, reserved 1179648K
  class space    used 8093K, committed 8640K, reserved 1048576K
}
Event: 70.993 GC heap before
{Heap before GC invocations=369 (full 15):
 PSYoungGen      total 24576K, used 10240K [0x00000000eab00000, 0x00000000ed100000, 0x0000000100000000)
  eden space 10240K, 100% used [0x00000000eab00000,0x00000000eb500000,0x00000000eb500000)
  from space 14336K, 0% used [0x00000000ec300000,0x00000000ec300000,0x00000000ed100000)
  to   space 14336K, 0% used [0x00000000eb500000,0x00000000eb500000,0x00000000ec300000)
 ParOldGen       total 282112K, used 227053K [0x00000000c0000000, 0x00000000d1380000, 0x00000000eab00000)
  object space 282112K, 80% used [0x00000000c0000000,0x00000000cddbb6d8,0x00000000d1380000)
 Metaspace       used 74835K, committed 76032K, reserved 1179648K
  class space    used 8094K, committed 8640K, reserved 1048576K
}
Event: 71.003 GC heap after
{Heap after GC invocations=369 (full 15):
 PSYoungGen      total 15872K, used 5601K [0x00000000eab00000, 0x00000000ec700000, 0x0000000100000000)
  eden space 10240K, 0% used [0x00000000eab00000,0x00000000eab00000,0x00000000eb500000)
  from space 5632K, 99% used [0x00000000eb500000,0x00000000eba78678,0x00000000eba80000)
  to   space 8704K, 0% used [0x00000000ebe80000,0x00000000ebe80000,0x00000000ec700000)
 ParOldGen       total 282112K, used 227061K [0x00000000c0000000, 0x00000000d1380000, 0x00000000eab00000)
  object space 282112K, 80% used [0x00000000c0000000,0x00000000cddbd6d8,0x00000000d1380000)
 Metaspace       used 74835K, committed 76032K, reserved 1179648K
  class space    used 8094K, committed 8640K, reserved 1048576K
}
Event: 73.409 GC heap before
{Heap before GC invocations=370 (full 15):
 PSYoungGen      total 15872K, used 15773K [0x00000000eab00000, 0x00000000ec700000, 0x0000000100000000)
  eden space 10240K, 99% used [0x00000000eab00000,0x00000000eb4ef100,0x00000000eb500000)
  from space 5632K, 99% used [0x00000000eb500000,0x00000000eba78678,0x00000000eba80000)
  to   space 8704K, 0% used [0x00000000ebe80000,0x00000000ebe80000,0x00000000ec700000)
 ParOldGen       total 282112K, used 227061K [0x00000000c0000000, 0x00000000d1380000, 0x00000000eab00000)
  object space 282112K, 80% used [0x00000000c0000000,0x00000000cddbd6d8,0x00000000d1380000)
 Metaspace       used 74956K, committed 76224K, reserved 1179648K
  class space    used 8102K, committed 8640K, reserved 1048576K
}
Event: 73.419 GC heap after
{Heap after GC invocations=370 (full 15):
 PSYoungGen      total 17408K, used 7086K [0x00000000eab00000, 0x00000000ec580000, 0x0000000100000000)
  eden space 10240K, 0% used [0x00000000eab00000,0x00000000eab00000,0x00000000eb500000)
  from space 7168K, 98% used [0x00000000ebe80000,0x00000000ec56b980,0x00000000ec580000)
  to   space 7680K, 0% used [0x00000000eb680000,0x00000000eb680000,0x00000000ebe00000)
 ParOldGen       total 282112K, used 227069K [0x00000000c0000000, 0x00000000d1380000, 0x00000000eab00000)
  object space 282112K, 80% used [0x00000000c0000000,0x00000000cddbf6d8,0x00000000d1380000)
 Metaspace       used 74956K, committed 76224K, reserved 1179648K
  class space    used 8102K, committed 8640K, reserved 1048576K
}
Event: 73.834 GC heap before
{Heap before GC invocations=371 (full 15):
 PSYoungGen      total 17408K, used 17326K [0x00000000eab00000, 0x00000000ec580000, 0x0000000100000000)
  eden space 10240K, 99% used [0x00000000eab00000,0x00000000eb4fffe8,0x00000000eb500000)
  from space 7168K, 98% used [0x00000000ebe80000,0x00000000ec56b980,0x00000000ec580000)
  to   space 7680K, 0% used [0x00000000eb680000,0x00000000eb680000,0x00000000ebe00000)
 ParOldGen       total 282112K, used 227069K [0x00000000c0000000, 0x00000000d1380000, 0x00000000eab00000)
  object space 282112K, 80% used [0x00000000c0000000,0x00000000cddbf6d8,0x00000000d1380000)
 Metaspace       used 75032K, committed 76288K, reserved 1179648K
  class space    used 8103K, committed 8640K, reserved 1048576K
}
Event: 73.843 GC heap after
{Heap after GC invocations=371 (full 15):
 PSYoungGen      total 17920K, used 7672K [0x00000000eab00000, 0x00000000ec500000, 0x0000000100000000)
  eden space 10240K, 0% used [0x00000000eab00000,0x00000000eab00000,0x00000000eb500000)
  from space 7680K, 99% used [0x00000000eb680000,0x00000000ebdfe128,0x00000000ebe00000)
  to   space 7168K, 0% used [0x00000000ebe00000,0x00000000ebe00000,0x00000000ec500000)
 ParOldGen       total 282112K, used 227357K [0x00000000c0000000, 0x00000000d1380000, 0x00000000eab00000)
  object space 282112K, 80% used [0x00000000c0000000,0x00000000cde076d8,0x00000000d1380000)
 Metaspace       used 75032K, committed 76288K, reserved 1179648K
  class space    used 8103K, committed 8640K, reserved 1048576K
}
Event: 74.635 GC heap before
{Heap before GC invocations=372 (full 15):
 PSYoungGen      total 17920K, used 17912K [0x00000000eab00000, 0x00000000ec500000, 0x0000000100000000)
  eden space 10240K, 100% used [0x00000000eab00000,0x00000000eb500000,0x00000000eb500000)
  from space 7680K, 99% used [0x00000000eb680000,0x00000000ebdfe128,0x00000000ebe00000)
  to   space 7168K, 0% used [0x00000000ebe00000,0x00000000ebe00000,0x00000000ec500000)
 ParOldGen       total 282112K, used 227357K [0x00000000c0000000, 0x00000000d1380000, 0x00000000eab00000)
  object space 282112K, 80% used [0x00000000c0000000,0x00000000cde076d8,0x00000000d1380000)
 Metaspace       used 75129K, committed 76352K, reserved 1179648K
  class space    used 8103K, committed 8640K, reserved 1048576K
}
Event: 74.644 GC heap after
{Heap after GC invocations=372 (full 15):
 PSYoungGen      total 11776K, used 1191K [0x00000000eab00000, 0x00000000ebf80000, 0x0000000100000000)
  eden space 10240K, 0% used [0x00000000eab00000,0x00000000eab00000,0x00000000eb500000)
  from space 1536K, 77% used [0x00000000ebe00000,0x00000000ebf29fd0,0x00000000ebf80000)
  to   space 4096K, 0% used [0x00000000eb780000,0x00000000eb780000,0x00000000ebb80000)
 ParOldGen       total 282112K, used 233848K [0x00000000c0000000, 0x00000000d1380000, 0x00000000eab00000)
  object space 282112K, 82% used [0x00000000c0000000,0x00000000ce45e068,0x00000000d1380000)
 Metaspace       used 75129K, committed 76352K, reserved 1179648K
  class space    used 8103K, committed 8640K, reserved 1048576K
}
Event: 78.231 GC heap before
{Heap before GC invocations=373 (full 15):
 PSYoungGen      total 11776K, used 11431K [0x00000000eab00000, 0x00000000ebf80000, 0x0000000100000000)
  eden space 10240K, 100% used [0x00000000eab00000,0x00000000eb500000,0x00000000eb500000)
  from space 1536K, 77% used [0x00000000ebe00000,0x00000000ebf29fd0,0x00000000ebf80000)
  to   space 4096K, 0% used [0x00000000eb780000,0x00000000eb780000,0x00000000ebb80000)
 ParOldGen       total 282112K, used 233848K [0x00000000c0000000, 0x00000000d1380000, 0x00000000eab00000)
  object space 282112K, 82% used [0x00000000c0000000,0x00000000ce45e068,0x00000000d1380000)
 Metaspace       used 75332K, committed 76544K, reserved 1179648K
  class space    used 8118K, committed 8704K, reserved 1048576K
}
Event: 78.237 GC heap after
{Heap after GC invocations=373 (full 15):
 PSYoungGen      total 14336K, used 1095K [0x00000000eab00000, 0x00000000ebe80000, 0x0000000100000000)
  eden space 10240K, 0% used [0x00000000eab00000,0x00000000eab00000,0x00000000eb500000)
  from space 4096K, 26% used [0x00000000eb780000,0x00000000eb891fb0,0x00000000ebb80000)
  to   space 2048K, 0% used [0x00000000ebc80000,0x00000000ebc80000,0x00000000ebe80000)
 ParOldGen       total 282112K, used 233856K [0x00000000c0000000, 0x00000000d1380000, 0x00000000eab00000)
  object space 282112K, 82% used [0x00000000c0000000,0x00000000ce460068,0x00000000d1380000)
 Metaspace       used 75332K, committed 76544K, reserved 1179648K
  class space    used 8118K, committed 8704K, reserved 1048576K
}
Event: 79.435 GC heap before
{Heap before GC invocations=374 (full 15):
 PSYoungGen      total 14336K, used 11335K [0x00000000eab00000, 0x00000000ebe80000, 0x0000000100000000)
  eden space 10240K, 100% used [0x00000000eab00000,0x00000000eb500000,0x00000000eb500000)
  from space 4096K, 26% used [0x00000000eb780000,0x00000000eb891fb0,0x00000000ebb80000)
  to   space 2048K, 0% used [0x00000000ebc80000,0x00000000ebc80000,0x00000000ebe80000)
 ParOldGen       total 282112K, used 233856K [0x00000000c0000000, 0x00000000d1380000, 0x00000000eab00000)
  object space 282112K, 82% used [0x00000000c0000000,0x00000000ce460068,0x00000000d1380000)
 Metaspace       used 75566K, committed 76800K, reserved 1179648K
  class space    used 8120K, committed 8704K, reserved 1048576K
}
Event: 79.443 GC heap after
{Heap after GC invocations=374 (full 15):
 PSYoungGen      total 12288K, used 2028K [0x00000000eab00000, 0x00000000ec400000, 0x0000000100000000)
  eden space 10240K, 0% used [0x00000000eab00000,0x00000000eab00000,0x00000000eb500000)
  from space 2048K, 99% used [0x00000000ebc80000,0x00000000ebe7b2a0,0x00000000ebe80000)
  to   space 7680K, 0% used [0x00000000eb500000,0x00000000eb500000,0x00000000ebc80000)
 ParOldGen       total 282112K, used 238388K [0x00000000c0000000, 0x00000000d1380000, 0x00000000eab00000)
  object space 282112K, 84% used [0x00000000c0000000,0x00000000ce8cd258,0x00000000d1380000)
 Metaspace       used 75566K, committed 76800K, reserved 1179648K
  class space    used 8120K, committed 8704K, reserved 1048576K
}
Event: 83.346 GC heap before
{Heap before GC invocations=375 (full 15):
 PSYoungGen      total 12288K, used 12268K [0x00000000eab00000, 0x00000000ec400000, 0x0000000100000000)
  eden space 10240K, 100% used [0x00000000eab00000,0x00000000eb500000,0x00000000eb500000)
  from space 2048K, 99% used [0x00000000ebc80000,0x00000000ebe7b2a0,0x00000000ebe80000)
  to   space 7680K, 0% used [0x00000000eb500000,0x00000000eb500000,0x00000000ebc80000)
 ParOldGen       total 282112K, used 238388K [0x00000000c0000000, 0x00000000d1380000, 0x00000000eab00000)
  object space 282112K, 84% used [0x00000000c0000000,0x00000000ce8cd258,0x00000000d1380000)
 Metaspace       used 75872K, committed 77056K, reserved 1179648K
  class space    used 8130K, committed 8704K, reserved 1048576K
}
Event: 83.350 GC heap after
{Heap after GC invocations=375 (full 15):
 PSYoungGen      total 13312K, used 2756K [0x00000000eab00000, 0x00000000ebe00000, 0x0000000100000000)
  eden space 10240K, 0% used [0x00000000eab00000,0x00000000eab00000,0x00000000eb500000)
  from space 3072K, 89% used [0x00000000eb500000,0x00000000eb7b1320,0x00000000eb800000)
  to   space 4608K, 0% used [0x00000000eb980000,0x00000000eb980000,0x00000000ebe00000)
 ParOldGen       total 282112K, used 238820K [0x00000000c0000000, 0x00000000d1380000, 0x00000000eab00000)
  object space 282112K, 84% used [0x00000000c0000000,0x00000000ce9391e8,0x00000000d1380000)
 Metaspace       used 75872K, committed 77056K, reserved 1179648K
  class space    used 8130K, committed 8704K, reserved 1048576K
}

Dll operation events (14 events):
Event: 0.026 Loaded shared library c:\Users\jayas\.vscode\extensions\redhat.java-1.32.0-win32-x64\jre\17.0.11-win32-x86_64\bin\java.dll
Event: 0.624 Loaded shared library c:\Users\jayas\.vscode\extensions\redhat.java-1.32.0-win32-x64\jre\17.0.11-win32-x86_64\bin\zip.dll
Event: 0.630 Loaded shared library C:\Users\jayas\.vscode\extensions\redhat.java-1.32.0-win32-x64\jre\17.0.11-win32-x86_64\bin\instrument.dll
Event: 0.670 Loaded shared library C:\Users\jayas\.vscode\extensions\redhat.java-1.32.0-win32-x64\jre\17.0.11-win32-x86_64\bin\net.dll
Event: 0.675 Loaded shared library C:\Users\jayas\.vscode\extensions\redhat.java-1.32.0-win32-x64\jre\17.0.11-win32-x86_64\bin\nio.dll
Event: 0.724 Loaded shared library C:\Users\jayas\.vscode\extensions\redhat.java-1.32.0-win32-x64\jre\17.0.11-win32-x86_64\bin\zip.dll
Event: 0.814 Loaded shared library C:\Users\jayas\.vscode\extensions\redhat.java-1.32.0-win32-x64\jre\17.0.11-win32-x86_64\bin\jimage.dll
Event: 1.063 Loaded shared library c:\Users\jayas\.vscode\extensions\redhat.java-1.32.0-win32-x64\jre\17.0.11-win32-x86_64\bin\verify.dll
Event: 4.023 Loaded shared library C:\Users\jayas\AppData\Roaming\Code\User\globalStorage\redhat.java\1.32.0\config_win\org.eclipse.equinox.launcher\org.eclipse.equinox.launcher.win32.win32.x86_64_1.2.1100.v20240613-2013\eclipse_11903.dll
Event: 8.077 Loaded shared library C:\Users\jayas\.vscode\extensions\redhat.java-1.32.0-win32-x64\jre\17.0.11-win32-x86_64\bin\management.dll
Event: 8.084 Loaded shared library C:\Users\jayas\.vscode\extensions\redhat.java-1.32.0-win32-x64\jre\17.0.11-win32-x86_64\bin\management_ext.dll
Event: 16.731 Loaded shared library C:\Users\jayas\AppData\Local\Temp\jna-100902356\jna11150467734353588613.dll
Event: 33.330 Loaded shared library C:\Users\jayas\.vscode\extensions\redhat.java-1.32.0-win32-x64\jre\17.0.11-win32-x86_64\bin\sunmscapi.dll
Event: 35.352 Loaded shared library C:\Users\jayas\.vscode\extensions\redhat.java-1.32.0-win32-x64\jre\17.0.11-win32-x86_64\bin\extnet.dll

Deoptimization events (20 events):
Event: 80.387 Thread 0x00000190198d2480 Uncommon trap: trap_request=0xffffffde fr.pc=0x0000019007e4ae64 relative=0x00000000000003a4
Event: 80.387 Thread 0x00000190198d2480 Uncommon trap: reason=class_check action=maybe_recompile pc=0x0000019007e4ae64 method=org.eclipse.jdt.internal.compiler.parser.Parser.consumeRule(I)V @ 4352 c2
Event: 80.387 Thread 0x00000190198d2480 DEOPT PACKING pc=0x0000019007e4ae64 sp=0x000000129c8fd900
Event: 80.387 Thread 0x00000190198d2480 DEOPT UNPACKING pc=0x00000190075866a3 sp=0x000000129c8fd890 mode 2
Event: 80.388 Thread 0x00000190198d2480 Uncommon trap: trap_request=0xffffffde fr.pc=0x0000019007e4b080 relative=0x00000000000005c0
Event: 80.388 Thread 0x00000190198d2480 Uncommon trap: reason=class_check action=maybe_recompile pc=0x0000019007e4b080 method=org.eclipse.jdt.internal.compiler.parser.Parser.consumeRule(I)V @ 4523 c2
Event: 80.388 Thread 0x00000190198d2480 DEOPT PACKING pc=0x0000019007e4b080 sp=0x000000129c8fd900
Event: 80.388 Thread 0x00000190198d2480 DEOPT UNPACKING pc=0x00000190075866a3 sp=0x000000129c8fd890 mode 2
Event: 80.397 Thread 0x00000190198d2480 Uncommon trap: trap_request=0xffffff6e fr.pc=0x0000019007fc4670 relative=0x0000000000000c30
Event: 80.397 Thread 0x00000190198d2480 Uncommon trap: reason=loop_limit_check action=maybe_recompile pc=0x0000019007fc4670 method=org.eclipse.jdt.internal.compiler.util.HashtableOfObjectToInt.rehash()V @ 50 c2
Event: 80.397 Thread 0x00000190198d2480 DEOPT PACKING pc=0x0000019007fc4670 sp=0x000000129c8fd7a0
Event: 80.397 Thread 0x00000190198d2480 DEOPT UNPACKING pc=0x00000190075866a3 sp=0x000000129c8fd700 mode 2
Event: 83.368 Thread 0x00000190174d2390 Uncommon trap: trap_request=0xffffffd6 fr.pc=0x0000019008083a40 relative=0x0000000000000580
Event: 83.368 Thread 0x00000190174d2390 Uncommon trap: reason=array_check action=maybe_recompile pc=0x0000019008083a40 method=java.util.TimSort.binarySort([Ljava/lang/Object;IIILjava/util/Comparator;)V @ 193 c2
Event: 83.368 Thread 0x00000190174d2390 DEOPT PACKING pc=0x0000019008083a40 sp=0x000000129bafe2e0
Event: 83.368 Thread 0x00000190174d2390 DEOPT UNPACKING pc=0x00000190075866a3 sp=0x000000129bafe278 mode 2
Event: 83.371 Thread 0x00000190174d2390 Uncommon trap: trap_request=0xffffffd6 fr.pc=0x0000019008083a40 relative=0x0000000000000580
Event: 83.371 Thread 0x00000190174d2390 Uncommon trap: reason=array_check action=maybe_recompile pc=0x0000019008083a40 method=java.util.TimSort.binarySort([Ljava/lang/Object;IIILjava/util/Comparator;)V @ 193 c2
Event: 83.371 Thread 0x00000190174d2390 DEOPT PACKING pc=0x0000019008083a40 sp=0x000000129bafde40
Event: 83.371 Thread 0x00000190174d2390 DEOPT UNPACKING pc=0x00000190075866a3 sp=0x000000129bafddd8 mode 2

Classes unloaded (9 events):
Event: 12.520 Thread 0x000001907c5ceac0 Unloading class 0x0000000100331000 'java/lang/invoke/LambdaForm$MH+0x0000000100331000'
Event: 12.520 Thread 0x000001907c5ceac0 Unloading class 0x0000000100330000 'java/lang/invoke/LambdaForm$MH+0x0000000100330000'
Event: 12.520 Thread 0x000001907c5ceac0 Unloading class 0x0000000100250400 'java/lang/invoke/LambdaForm$MH+0x0000000100250400'
Event: 12.520 Thread 0x000001907c5ceac0 Unloading class 0x0000000100250000 'java/lang/invoke/LambdaForm$MH+0x0000000100250000'
Event: 12.520 Thread 0x000001907c5ceac0 Unloading class 0x000000010024bc00 'java/lang/invoke/LambdaForm$MH+0x000000010024bc00'
Event: 12.520 Thread 0x000001907c5ceac0 Unloading class 0x000000010024b800 'java/lang/invoke/LambdaForm$MH+0x000000010024b800'
Event: 12.520 Thread 0x000001907c5ceac0 Unloading class 0x000000010024b400 'java/lang/invoke/LambdaForm$BMH+0x000000010024b400'
Event: 12.520 Thread 0x000001907c5ceac0 Unloading class 0x000000010024b000 'java/lang/invoke/LambdaForm$DMH+0x000000010024b000'
Event: 12.520 Thread 0x000001907c5ceac0 Unloading class 0x0000000100248400 'java/lang/invoke/LambdaForm$DMH+0x0000000100248400'

Classes redefined (0 events):
No events

Internal exceptions (20 events):
Event: 73.629 Thread 0x00000190174d2390 Exception <a 'sun/nio/fs/WindowsException'{0x00000000eb382a90}> (0x00000000eb382a90) 
thrown [s\src\hotspot\share\prims\jni.cpp, line 516]
Event: 73.852 Thread 0x00000190174d0530 Exception <a 'sun/nio/fs/WindowsException'{0x00000000eab53930}> (0x00000000eab53930) 
thrown [s\src\hotspot\share\prims\jni.cpp, line 516]
Event: 74.299 Thread 0x00000190198d2480 Exception <a 'sun/nio/fs/WindowsException'{0x00000000eb052958}> (0x00000000eb052958) 
thrown [s\src\hotspot\share\prims\jni.cpp, line 516]
Event: 74.382 Thread 0x00000190198d2480 Exception <a 'sun/nio/fs/WindowsException'{0x00000000eb08b6a0}> (0x00000000eb08b6a0) 
thrown [s\src\hotspot\share\prims\jni.cpp, line 516]
Event: 74.417 Thread 0x00000190198d2480 Exception <a 'sun/nio/fs/WindowsException'{0x00000000eb0f1c98}> (0x00000000eb0f1c98) 
thrown [s\src\hotspot\share\prims\jni.cpp, line 516]
Event: 74.464 Thread 0x00000190198d2480 Exception <a 'sun/nio/fs/WindowsException'{0x00000000eb128bf8}> (0x00000000eb128bf8) 
thrown [s\src\hotspot\share\prims\jni.cpp, line 516]
Event: 74.920 Thread 0x00000190174cf0f0 Exception <a 'sun/nio/fs/WindowsException'{0x00000000eaf1c8e8}> (0x00000000eaf1c8e8) 
thrown [s\src\hotspot\share\prims\jni.cpp, line 516]
Event: 78.319 Thread 0x00000190198d2480 Exception <a 'sun/nio/fs/WindowsException'{0x00000000eab38b68}> (0x00000000eab38b68) 
thrown [s\src\hotspot\share\prims\jni.cpp, line 516]
Event: 78.414 Thread 0x00000190198d2480 Exception <a 'sun/nio/fs/WindowsException'{0x00000000eab66688}> (0x00000000eab66688) 
thrown [s\src\hotspot\share\prims\jni.cpp, line 516]
Event: 78.995 Thread 0x00000190174d0530 Exception <a 'sun/nio/fs/WindowsException'{0x00000000eaddb120}> (0x00000000eaddb120) 
thrown [s\src\hotspot\share\prims\jni.cpp, line 516]
Event: 79.069 Thread 0x00000190198d5720 Exception <a 'java/lang/ArrayIndexOutOfBoundsException'{0x00000000eaeb7aa8}> (0x00000000eaeb7aa8) 
thrown [s\src\hotspot\share\runtime\sharedRuntime.cpp, line 631]
Event: 79.523 Thread 0x00000190174d1e80 Exception <a 'sun/nio/fs/WindowsException'{0x00000000ead18b58}> (0x00000000ead18b58) 
thrown [s\src\hotspot\share\prims\jni.cpp, line 516]
Event: 79.678 Thread 0x00000190198d2480 Exception <a 'sun/nio/fs/WindowsException'{0x00000000eaffbd30}> (0x00000000eaffbd30) 
thrown [s\src\hotspot\share\prims\jni.cpp, line 516]
Event: 79.809 Thread 0x00000190198d2480 Exception <a 'sun/nio/fs/WindowsException'{0x00000000eb065f28}> (0x00000000eb065f28) 
thrown [s\src\hotspot\share\prims\jni.cpp, line 516]
Event: 79.935 Thread 0x00000190198d2480 Exception <a 'sun/nio/fs/WindowsException'{0x00000000eb12fbf8}> (0x00000000eb12fbf8) 
thrown [s\src\hotspot\share\prims\jni.cpp, line 516]
Event: 79.977 Thread 0x00000190198d2480 Exception <a 'sun/nio/fs/WindowsException'{0x00000000eb167888}> (0x00000000eb167888) 
thrown [s\src\hotspot\share\prims\jni.cpp, line 516]
Event: 80.419 Thread 0x00000190198d2480 Exception <a 'java/lang/ArrayIndexOutOfBoundsException'{0x00000000eb4e0c98}: Index 1789 out of bounds for length 1789> (0x00000000eb4e0c98) 
thrown [s\src\hotspot\share\interpreter\interpreterRuntime.cpp, line 428]
Event: 80.419 Thread 0x00000190198d2480 Exception <a 'java/lang/ArrayIndexOutOfBoundsException'{0x00000000eb4e12b0}: Index 1789 out of bounds for length 1789> (0x00000000eb4e12b0) 
thrown [s\src\hotspot\share\interpreter\interpreterRuntime.cpp, line 428]
Event: 80.419 Thread 0x00000190198d2480 Exception <a 'java/lang/ArrayIndexOutOfBoundsException'{0x00000000eb4e1620}: Index 1790 out of bounds for length 1789> (0x00000000eb4e1620) 
thrown [s\src\hotspot\share\interpreter\interpreterRuntime.cpp, line 428]
Event: 83.422 Thread 0x00000190198d89c0 Exception <a 'sun/nio/fs/WindowsException'{0x00000000eafba840}> (0x00000000eafba840) 
thrown [s\src\hotspot\share\prims\jni.cpp, line 516]

VM Operations (20 events):
Event: 73.581 Executing VM operation: HandshakeAllThreads
Event: 73.596 Executing VM operation: HandshakeAllThreads done
Event: 73.834 Executing VM operation: ParallelGCFailedAllocation
Event: 73.844 Executing VM operation: ParallelGCFailedAllocation done
Event: 73.955 Executing VM operation: HandshakeAllThreads
Event: 73.956 Executing VM operation: HandshakeAllThreads done
Event: 74.634 Executing VM operation: ParallelGCFailedAllocation
Event: 74.645 Executing VM operation: ParallelGCFailedAllocation done
Event: 75.645 Executing VM operation: Cleanup
Event: 75.645 Executing VM operation: Cleanup done
Event: 77.646 Executing VM operation: Cleanup
Event: 77.646 Executing VM operation: Cleanup done
Event: 78.230 Executing VM operation: ParallelGCFailedAllocation
Event: 78.237 Executing VM operation: ParallelGCFailedAllocation done
Event: 79.238 Executing VM operation: Cleanup
Event: 79.238 Executing VM operation: Cleanup done
Event: 79.435 Executing VM operation: ParallelGCFailedAllocation
Event: 79.443 Executing VM operation: ParallelGCFailedAllocation done
Event: 80.429 Executing VM operation: ParallelGCFailedAllocation
Event: 83.383 Executing VM operation: ParallelGCFailedAllocation done

Events (20 events):
Event: 73.985 Thread 0x000001901550b050 flushing nmethod 0x0000019000ff0790
Event: 73.986 Thread 0x000001901550b050 flushing nmethod 0x0000019001048310
Event: 73.986 Thread 0x000001901550b050 flushing nmethod 0x0000019001049f10
Event: 73.986 Thread 0x000001901550b050 flushing nmethod 0x000001900104be10
Event: 73.986 Thread 0x000001901550b050 flushing nmethod 0x00000190010b9810
Event: 73.986 Thread 0x000001901550b050 flushing nmethod 0x00000190010bb410
Event: 73.987 Thread 0x000001901550b050 flushing nmethod 0x00000190010c5f10
Event: 73.987 Thread 0x000001901550b050 flushing nmethod 0x00000190010cb390
Event: 73.987 Thread 0x000001901550b050 flushing nmethod 0x00000190010cc410
Event: 73.987 Thread 0x000001901550b050 flushing nmethod 0x00000190010cd190
Event: 73.987 Thread 0x000001901550b050 flushing nmethod 0x00000190010cd710
Event: 73.987 Thread 0x000001901550b050 flushing nmethod 0x00000190010cec10
Event: 73.987 Thread 0x000001901550b050 flushing nmethod 0x00000190010d4d90
Event: 73.987 Thread 0x000001901550b050 flushing nmethod 0x00000190010de490
Event: 74.877 Thread 0x0000019019b3f780 Thread added: 0x0000019019b3f780
Event: 74.923 Thread 0x0000019019b3f780 Thread exited: 0x0000019019b3f780
Event: 79.370 Thread 0x0000019019b3cf00 Thread added: 0x0000019019b3cf00
Event: 79.528 Thread 0x0000019019b3cf00 Thread exited: 0x0000019019b3cf00
Event: 83.381 Thread 0x0000019019b3de30 Thread added: 0x0000019019b3de30
Event: 83.419 Thread 0x0000019019b3de30 Thread exited: 0x0000019019b3de30


Dynamic libraries:
0x00007ff648ac0000 - 0x00007ff648ace000 	c:\Users\jayas\.vscode\extensions\redhat.java-1.32.0-win32-x64\jre\17.0.11-win32-x86_64\bin\java.exe
0x00007ffd144f0000 - 0x00007ffd14707000 	C:\WINDOWS\SYSTEM32\ntdll.dll
0x00007ffd13850000 - 0x00007ffd13914000 	C:\WINDOWS\System32\KERNEL32.DLL
0x00007ffd11a10000 - 0x00007ffd11dbd000 	C:\WINDOWS\System32\KERNELBASE.dll
0x00007ffd11df0000 - 0x00007ffd11f01000 	C:\WINDOWS\System32\ucrtbase.dll
0x00007ffcfe810000 - 0x00007ffcfe827000 	c:\Users\jayas\.vscode\extensions\redhat.java-1.32.0-win32-x64\jre\17.0.11-win32-x86_64\bin\jli.dll
0x00007ffd12350000 - 0x00007ffd124fe000 	C:\WINDOWS\System32\USER32.dll
0x00007ffd11dc0000 - 0x00007ffd11de6000 	C:\WINDOWS\System32\win32u.dll
0x00007ffcfe7c0000 - 0x00007ffcfe7db000 	c:\Users\jayas\.vscode\extensions\redhat.java-1.32.0-win32-x64\jre\17.0.11-win32-x86_64\bin\VCRUNTIME140.dll
0x00007ffd133e0000 - 0x00007ffd13409000 	C:\WINDOWS\System32\GDI32.dll
0x00007ffd120a0000 - 0x00007ffd121b9000 	C:\WINDOWS\System32\gdi32full.dll
0x00007ffd11f10000 - 0x00007ffd11faa000 	C:\WINDOWS\System32\msvcp_win.dll
0x00007ffd04d10000 - 0x00007ffd04fa3000 	C:\WINDOWS\WinSxS\amd64_microsoft.windows.common-controls_6595b64144ccf1df_6.0.22621.3672_none_2713b9d173822955\COMCTL32.dll
0x00007ffd13930000 - 0x00007ffd139d7000 	C:\WINDOWS\System32\msvcrt.dll
0x00007ffd125b0000 - 0x00007ffd125e1000 	C:\WINDOWS\System32\IMM32.DLL
0x00007ffcff120000 - 0x00007ffcff12c000 	c:\Users\jayas\.vscode\extensions\redhat.java-1.32.0-win32-x64\jre\17.0.11-win32-x86_64\bin\vcruntime140_1.dll
0x00007ffcb6a00000 - 0x00007ffcb6a8d000 	c:\Users\jayas\.vscode\extensions\redhat.java-1.32.0-win32-x64\jre\17.0.11-win32-x86_64\bin\msvcp140.dll
0x00007ffc65330000 - 0x00007ffc65f92000 	c:\Users\jayas\.vscode\extensions\redhat.java-1.32.0-win32-x64\jre\17.0.11-win32-x86_64\bin\server\jvm.dll
0x00007ffd13de0000 - 0x00007ffd13e92000 	C:\WINDOWS\System32\ADVAPI32.dll
0x00007ffd14200000 - 0x00007ffd142a9000 	C:\WINDOWS\System32\sechost.dll
0x00007ffd11fb0000 - 0x00007ffd11fd8000 	C:\WINDOWS\System32\bcrypt.dll
0x00007ffd12230000 - 0x00007ffd12344000 	C:\WINDOWS\System32\RPCRT4.dll
0x00007ffce4f60000 - 0x00007ffce4f69000 	C:\WINDOWS\SYSTEM32\WSOCK32.dll
0x00007ffd116e0000 - 0x00007ffd1172d000 	C:\WINDOWS\SYSTEM32\POWRPROF.dll
0x00007ffd14090000 - 0x00007ffd14101000 	C:\WINDOWS\System32\WS2_32.dll
0x00007ffd0d5b0000 - 0x00007ffd0d5e4000 	C:\WINDOWS\SYSTEM32\WINMM.dll
0x00007ffd09d40000 - 0x00007ffd09d4a000 	C:\WINDOWS\SYSTEM32\VERSION.dll
0x00007ffd116c0000 - 0x00007ffd116d3000 	C:\WINDOWS\SYSTEM32\UMPDC.dll
0x00007ffd10850000 - 0x00007ffd10868000 	C:\WINDOWS\SYSTEM32\kernel.appcore.dll
0x00007ffcff030000 - 0x00007ffcff03a000 	c:\Users\jayas\.vscode\extensions\redhat.java-1.32.0-win32-x64\jre\17.0.11-win32-x86_64\bin\jimage.dll
0x00007ffd0c640000 - 0x00007ffd0c872000 	C:\WINDOWS\SYSTEM32\DBGHELP.DLL
0x00007ffd134c0000 - 0x00007ffd13848000 	C:\WINDOWS\System32\combase.dll
0x00007ffd13300000 - 0x00007ffd133d7000 	C:\WINDOWS\System32\OLEAUT32.dll
0x00007ffcfad40000 - 0x00007ffcfad72000 	C:\WINDOWS\SYSTEM32\dbgcore.DLL
0x00007ffd11990000 - 0x00007ffd11a0b000 	C:\WINDOWS\System32\bcryptPrimitives.dll
0x00007ffcfedb0000 - 0x00007ffcfedbe000 	c:\Users\jayas\.vscode\extensions\redhat.java-1.32.0-win32-x64\jre\17.0.11-win32-x86_64\bin\instrument.dll
0x00007ffcdc5a0000 - 0x00007ffcdc5c5000 	c:\Users\jayas\.vscode\extensions\redhat.java-1.32.0-win32-x64\jre\17.0.11-win32-x86_64\bin\java.dll
0x00007ffcfe770000 - 0x00007ffcfe788000 	c:\Users\jayas\.vscode\extensions\redhat.java-1.32.0-win32-x64\jre\17.0.11-win32-x86_64\bin\zip.dll
0x00007ffd125f0000 - 0x00007ffd12e4f000 	C:\WINDOWS\System32\SHELL32.dll
0x00007ffd0f770000 - 0x00007ffd1006c000 	C:\WINDOWS\SYSTEM32\windows.storage.dll
0x00007ffd0f630000 - 0x00007ffd0f76f000 	C:\WINDOWS\SYSTEM32\wintypes.dll
0x00007ffd142b0000 - 0x00007ffd143a4000 	C:\WINDOWS\System32\SHCORE.dll
0x00007ffd12550000 - 0x00007ffd125ae000 	C:\WINDOWS\System32\shlwapi.dll
0x00007ffd11750000 - 0x00007ffd11771000 	C:\WINDOWS\SYSTEM32\profapi.dll
0x00007ffcfe4c0000 - 0x00007ffcfe4d9000 	C:\Users\jayas\.vscode\extensions\redhat.java-1.32.0-win32-x64\jre\17.0.11-win32-x86_64\bin\net.dll
0x00007ffd0da50000 - 0x00007ffd0db86000 	C:\WINDOWS\SYSTEM32\WINHTTP.dll
0x00007ffd10cc0000 - 0x00007ffd10d29000 	C:\WINDOWS\system32\mswsock.dll
0x00007ffcdf1b0000 - 0x00007ffcdf1c6000 	C:\Users\jayas\.vscode\extensions\redhat.java-1.32.0-win32-x64\jre\17.0.11-win32-x86_64\bin\nio.dll
0x00007ffcfe9c0000 - 0x00007ffcfe9d0000 	c:\Users\jayas\.vscode\extensions\redhat.java-1.32.0-win32-x64\jre\17.0.11-win32-x86_64\bin\verify.dll
0x00007ffccb490000 - 0x00007ffccb4d4000 	C:\Users\jayas\AppData\Roaming\Code\User\globalStorage\redhat.java\1.32.0\config_win\org.eclipse.equinox.launcher\org.eclipse.equinox.launcher.win32.win32.x86_64_1.2.1100.v20240613-2013\eclipse_11903.dll
0x00007ffd13a60000 - 0x00007ffd13c05000 	C:\WINDOWS\System32\ole32.dll
0x00007ffcfe7b0000 - 0x00007ffcfe7b9000 	C:\Users\jayas\.vscode\extensions\redhat.java-1.32.0-win32-x64\jre\17.0.11-win32-x86_64\bin\management.dll
0x00007ffcfe790000 - 0x00007ffcfe79b000 	C:\Users\jayas\.vscode\extensions\redhat.java-1.32.0-win32-x64\jre\17.0.11-win32-x86_64\bin\management_ext.dll
0x00007ffd12e70000 - 0x00007ffd12e78000 	C:\WINDOWS\System32\PSAPI.DLL
0x00007ffd10f30000 - 0x00007ffd10f4b000 	C:\WINDOWS\SYSTEM32\CRYPTSP.dll
0x00007ffd107b0000 - 0x00007ffd107e5000 	C:\WINDOWS\system32\rsaenh.dll
0x00007ffd10dc0000 - 0x00007ffd10de8000 	C:\WINDOWS\SYSTEM32\USERENV.dll
0x00007ffd10f20000 - 0x00007ffd10f2c000 	C:\WINDOWS\SYSTEM32\CRYPTBASE.dll
0x00007ffd102d0000 - 0x00007ffd102fd000 	C:\WINDOWS\SYSTEM32\IPHLPAPI.DLL
0x00007ffd13920000 - 0x00007ffd13929000 	C:\WINDOWS\System32\NSI.dll
0x00007ffd0dd60000 - 0x00007ffd0dd79000 	C:\WINDOWS\SYSTEM32\dhcpcsvc6.DLL
0x00007ffd0d9f0000 - 0x00007ffd0da0f000 	C:\WINDOWS\SYSTEM32\dhcpcsvc.DLL
0x00007ffd10300000 - 0x00007ffd103f8000 	C:\WINDOWS\SYSTEM32\DNSAPI.dll
0x00007ffcdc5e0000 - 0x00007ffcdc625000 	C:\Users\jayas\AppData\Local\Temp\jna-100902356\jna11150467734353588613.dll
0x00007ffcfe7a0000 - 0x00007ffcfe7ae000 	C:\Users\jayas\.vscode\extensions\redhat.java-1.32.0-win32-x64\jre\17.0.11-win32-x86_64\bin\sunmscapi.dll
0x00007ffd11820000 - 0x00007ffd11987000 	C:\WINDOWS\System32\CRYPT32.dll
0x00007ffd110c0000 - 0x00007ffd110ee000 	C:\WINDOWS\SYSTEM32\ncrypt.dll
0x00007ffd11080000 - 0x00007ffd110b7000 	C:\WINDOWS\SYSTEM32\NTASN1.dll
0x00007ffcfe540000 - 0x00007ffcfe549000 	C:\Users\jayas\.vscode\extensions\redhat.java-1.32.0-win32-x64\jre\17.0.11-win32-x86_64\bin\extnet.dll

dbghelp: loaded successfully - version: 4.0.5 - missing functions: none
symbol engine: initialized successfully - sym options: 0x614 - pdb path: .;c:\Users\jayas\.vscode\extensions\redhat.java-1.32.0-win32-x64\jre\17.0.11-win32-x86_64\bin;C:\WINDOWS\SYSTEM32;C:\WINDOWS\WinSxS\amd64_microsoft.windows.common-controls_6595b64144ccf1df_6.0.22621.3672_none_2713b9d173822955;c:\Users\jayas\.vscode\extensions\redhat.java-1.32.0-win32-x64\jre\17.0.11-win32-x86_64\bin\server;C:\Users\jayas\AppData\Roaming\Code\User\globalStorage\redhat.java\1.32.0\config_win\org.eclipse.equinox.launcher\org.eclipse.equinox.launcher.win32.win32.x86_64_1.2.1100.v20240613-2013;C:\Users\jayas\AppData\Local\Temp\jna-100902356

VM Arguments:
jvm_args: --add-modules=ALL-SYSTEM --add-opens=java.base/java.util=ALL-UNNAMED --add-opens=java.base/java.lang=ALL-UNNAMED --add-opens=java.base/sun.nio.fs=ALL-UNNAMED -Declipse.application=org.eclipse.jdt.ls.core.id1 -Dosgi.bundles.defaultStartLevel=4 -Declipse.product=org.eclipse.jdt.ls.core.product -Djava.import.generatesMetadataFilesAtProjectRoot=false -DDetectVMInstallationsJob.disabled=true -Dfile.encoding=utf8 -XX:+UseParallelGC -XX:GCTimeRatio=4 -XX:AdaptiveSizePolicyWeight=90 -Dsun.zip.disableMemoryMapping=true -Xmx1G -Xms100m -Xlog:disable -javaagent:c:\Users\jayas\.vscode\extensions\redhat.java-1.32.0-win32-x64\lombok\lombok-1.18.33.jar -XX:+HeapDumpOnOutOfMemoryError -XX:HeapDumpPath=c:\Users\jayas\AppData\Roaming\Code\User\workspaceStorage\bfc5d6c63e2f47153edd8ca4067a5165\redhat.java -Daether.dependencyCollector.impl=bf 
java_command: c:\Users\jayas\.vscode\extensions\redhat.java-1.32.0-win32-x64\server\plugins\org.eclipse.equinox.launcher_1.6.900.v20240613-2009.jar -configuration c:\Users\jayas\AppData\Roaming\Code\User\globalStorage\redhat.java\1.32.0\config_win -data c:\Users\jayas\AppData\Roaming\Code\User\workspaceStorage\bfc5d6c63e2f47153edd8ca4067a5165\redhat.java\jdt_ws --pipe=\\.\pipe\lsp-7d99d4dad2d258ac8bf929d635058790-sock
java_class_path (initial): c:\Users\jayas\.vscode\extensions\redhat.java-1.32.0-win32-x64\server\plugins\org.eclipse.equinox.launcher_1.6.900.v20240613-2009.jar
Launcher Type: SUN_STANDARD

[Global flags]
    uintx AdaptiveSizePolicyWeight                 = 90                                        {product} {command line}
     intx CICompilerCount                          = 4                                         {product} {ergonomic}
    uintx GCTimeRatio                              = 4                                         {product} {command line}
     bool HeapDumpOnOutOfMemoryError               = true                                   {manageable} {command line}
    ccstr HeapDumpPath                             = c:\Users\jayas\AppData\Roaming\Code\User\workspaceStorage\bfc5d6c63e2f47153edd8ca4067a5165\redhat.java         {manageable} {command line}
   size_t InitialHeapSize                          = 104857600                                 {product} {command line}
   size_t MaxHeapSize                              = 1073741824                                {product} {command line}
   size_t MaxNewSize                               = 357564416                                 {product} {ergonomic}
   size_t MinHeapDeltaBytes                        = 524288                                    {product} {ergonomic}
   size_t MinHeapSize                              = 104857600                                 {product} {command line}
   size_t NewSize                                  = 34603008                                  {product} {ergonomic}
    uintx NonNMethodCodeHeapSize                   = 5839372                                {pd product} {ergonomic}
    uintx NonProfiledCodeHeapSize                  = 122909434                              {pd product} {ergonomic}
   size_t OldSize                                  = 70254592                                  {product} {ergonomic}
    uintx ProfiledCodeHeapSize                     = 122909434                              {pd product} {ergonomic}
    uintx ReservedCodeCacheSize                    = 251658240                              {pd product} {ergonomic}
     bool SegmentedCodeCache                       = true                                      {product} {ergonomic}
   size_t SoftMaxHeapSize                          = 1073741824                             {manageable} {ergonomic}
     bool UseCompressedClassPointers               = true                           {product lp64_product} {ergonomic}
     bool UseCompressedOops                        = true                           {product lp64_product} {ergonomic}
     bool UseLargePagesIndividualAllocation        = false                                  {pd product} {ergonomic}
     bool UseParallelGC                            = true                                      {product} {command line}

Logging:
Log output configuration:
 #0: stdout all=off uptime,level,tags
 #1: stderr all=off uptime,level,tags

Environment Variables:
PATH=C:\Program Files\Common Files\Oracle\Java\javapath;C:\app\jayas\product\21c\dbhomeXE\bin;C:\WINDOWS\system32;C:\WINDOWS;C:\WINDOWS\System32\Wbem;C:\WINDOWS\System32\WindowsPowerShell\v1.0\;C:\WINDOWS\System32\OpenSSH\;C:\Program Files\dotnet\;C:\Program Files\Git\cmd;C:\Program Files\Microsoft SQL Server\150\Tools\Binn\;C:\Program Files\Microsoft SQL Server\Client SDK\ODBC\170\Tools\Binn\;C:\Program Files (x86)\Microsoft SQL Server\160\Tools\Binn\;C:\Program Files\Microsoft SQL Server\160\Tools\Binn\;C:\Program Files\Microsoft SQL Server\160\DTS\Binn\;C:\Program Files (x86)\Microsoft SQL Server\160\DTS\Binn\;C:\Program Files\Azure Data Studio\bin;C:\ProgramData\chocolatey\bin;C:\Program Files\nodejs\;C:\Users\jayas\AppData\Local\Microsoft\WindowsApps;C:\Users\jayas\AppData\Local\Programs\Microsoft VS Code\bin;C:\Program Files\Azure Data Studio\bin;C:\Users\jayas\AppData\Roaming\npm;C:\Users\jayas\.dotnet\tools
USERNAME=jayas
OS=Windows_NT
PROCESSOR_IDENTIFIER=AMD64 Family 23 Model 24 Stepping 1, AuthenticAMD
TMP=C:\Users\jayas\AppData\Local\Temp
TEMP=C:\Users\jayas\AppData\Local\Temp



Periodic native trim disabled


---------------  S Y S T E M  ---------------

OS:
 Windows 11 , 64 bit Build 22621 (10.0.22621.3672)
OS uptime: 0 days 18:58 hours

CPU: total 8 (initial active 8) (8 cores per cpu, 2 threads per core) family 23 model 24 stepping 1 microcode 0x0, cx8, cmov, fxsr, ht, mmx, 3dnowpref, sse, sse2, sse3, ssse3, sse4a, sse4.1, sse4.2, popcnt, lzcnt, tsc, tscinvbit, avx, avx2, aes, clmul, bmi1, bmi2, adx, sha, fma, vzeroupper, clflush, clflushopt
Processor Information for all 8 processors :
  Max Mhz: 2100, Current Mhz: 2100, Mhz Limit: 2100

Memory: 4k page, system-wide physical 6030M (187M free)
TotalPageFile size 24462M (AvailPageFile size 74M)
current process WorkingSet (physical memory assigned to process): 362M, peak: 552M
current process commit charge ("private bytes"): 528M, peak: 652M

vm_info: OpenJDK 64-Bit Server VM (17.0.11+9) for windows-amd64 JRE (17.0.11+9), built on Apr 17 2024 06:07:48 by "admin" with MS VC++ 16.10 / 16.11 (VS2019)

END.
